<?xml version="1.0" encoding="UTF-8"?>
<testng-results ignored="0" total="1" passed="1" failed="0" skipped="0">
  <reporter-output>
  </reporter-output>
  <suite started-at="2021-10-12T21:46:06 CDT" name="Default suite" finished-at="2021-10-12T21:46:06 CDT" duration-ms="54">
    <groups>
    </groups>
    <test started-at="2021-10-12T21:46:06 CDT" name="Default test" finished-at="2021-10-12T21:46:06 CDT" duration-ms="54">
      <class name="ArrayRotationBynTimes">
        <test-method signature="test1()[pri:0, instance:ArrayRotationBynTimes@1df82230]" started-at="2021-10-12T21:46:06 CDT" name="test1" finished-at="2021-10-12T21:46:06 CDT" duration-ms="9" status="PASS">
          <reporter-output>
          </reporter-output>
        </test-method> <!-- test1 -->
      </class> <!-- ArrayRotationBynTimes -->
    </test> <!-- Default test -->
  </suite> <!-- Default suite -->
</testng-results>
